<?xml version="1.0" encoding="UTF-8"?>
<!-- Generated by org.testng.reporters.JUnitReportReporter -->
<testsuite skipped="0" hostname="DESKTOP-BPNON4T" name="com.qa.automationpractice.test.VerifyPageTitle" tests="2" failures="0" timestamp="03 Sep 2020 12:52:57 GMT" time="16.064" errors="0">
  <testcase name="verifyPageTitle" time="8.662" classname="com.qa.automationpractice.test.VerifyPageTitle"/>
  <testcase name="verifyPageTitle" time="7.402" classname="com.qa.automationpractice.test.VerifyPageTitle"/>
</testsuite> <!-- com.qa.automationpractice.test.VerifyPageTitle -->
